-------------------------------------------------------------------------------
Test set: com.sudipta.test.ApplicationTests
-------------------------------------------------------------------------------
Tests run: 1, Failures: 0, Errors: 1, Skipped: 0, Time elapsed: 0.012 s <<< FAILURE! - in com.sudipta.test.ApplicationTests
initializationError  Time elapsed: 0.007 s  <<< ERROR!
org.junit.runners.model.InvalidTestClassError: 
Invalid test class 'com.sudipta.test.ApplicationTests':
  1. No runnable methods

